<?xml version="1.0" encoding="UTF-8"?>
<!-- Generated by org.testng.reporters.JUnitReportReporter -->
<testsuite hostname="DESKTOP-0LJMU54" failures="0" tests="1" name="tests.FirstTest" time="7.483" errors="0" timestamp="2025-09-12T23:02:58 EDT" skipped="0">
  <testcase classname="tests.FirstTest" name="openGoogle" time="7.483"/>
</testsuite> <!-- tests.FirstTest -->
