<?xml version="1.0" encoding="UTF-8"?>
<!-- Generated by org.testng.reporters.JUnitReportReporter -->
<testsuite hostname="DESKTOP-0LJMU54" failures="0" tests="1" name="tests.LoginTest" time="17.349" errors="0" timestamp="2025-09-13T01:06:37 EDT" skipped="0">
  <testcase classname="tests.LoginTest" name="testValidLogin" time="17.349"/>
</testsuite> <!-- tests.LoginTest -->
